/*C2*/CONNECT USER SA
SET AUTOCOMMIT FALSE
INSERT INTO CUSTOMER VALUES(21,'2004-10-12 13:34:07.518','kunde1','kunde1',' ',' ')
INSERT INTO PERSON VALUES(23,'Philipp','Schneider',NULL,'Herr',NULL,'Kastanienring','16','Leipzig','04316','Deutschland','egal@phil-schneider.de','1981-04-14 13:34:07.508')
DELETE FROM PERSON WHERE PERSONID=23
DELETE FROM CUSTOMER WHERE CUSTOMERID=21
COMMIT
INSERT INTO CUSTOMER VALUES(22,'2004-10-12 13:34:08.018','kunde1','kunde1',' ',' ')
INSERT INTO PERSON VALUES(24,'Philipp','Schneider',NULL,'Herr',NULL,'Kastanienring','16','Leipzig','04316','Deutschland','kunde2-provirent@phil-schneider.de','1988-09-10 13:34:08.018')
INSERT INTO CUSTOMER VALUES(23,'2004-10-12 13:34:08.028','kunde2','kunde2',' ',' ')
INSERT INTO PERSON VALUES(25,'Max','Meier',NULL,'Herr',NULL,'Kohlgartenstr.','67','Wernigerode','38855','Deutschland','kunde2-provirent@phil-schneider.de',NULL)
INSERT INTO CUSTOMER VALUES(24,'2004-10-12 13:34:08.048','kunde3','kunde3',' ',' ')
INSERT INTO PERSON VALUES(26,'Thomas','Pech',NULL,'Herr',NULL,'Riebeck.','7a','Leipzig','04317','Deutschland','kunde3-provirent@phil-schneider.de',NULL)
COMMIT
INSERT INTO ACTOR VALUES(36,'Julianne','Moore')
INSERT INTO ACTOR VALUES(37,'Christopher','Kovaleski')
INSERT INTO ACTOR VALUES(38,'Matthew','Pleszewicz')
INSERT INTO DIRECTOR VALUES(16,'Joseph','Ruben')
INSERT INTO GENRE VALUES(37,'Thriller','')
INSERT INTO GENRE VALUES(38,'Drama','')
INSERT INTO GENRE VALUES(39,'Sci-Fi','')
INSERT INTO GENRE VALUES(40,'Mystery','')
INSERT INTO LANGUAGE VALUES(25,'Deutsch','de')
INSERT INTO LANGUAGE VALUES(26,'Englisch','en')
INSERT INTO AUDIOFORMAT VALUES(30,'DTS Surround Sound','')
INSERT INTO AUDIOFORMAT VALUES(31,'Surround Sound','')
INSERT INTO AUDIOFORMAT VALUES(32,'Dolby','')
INSERT INTO SUBTITLE VALUES(25,'Deutsch','de')
INSERT INTO SUBTITLE VALUES(26,'Englisch','en')
INSERT INTO VIDEOFORMAT VALUES(21,'9:13','')
INSERT INTO VIDEOFORMAT VALUES(22,'16:10','')
INSERT INTO MOVIE VALUES(8,'The Forgotten','A grieving mother, Telly Parada, is struggling to cope with the loss of her 9-year-old son. She is stunned...',96,'2004-10-12 13:34:08.199')
INSERT INTO IMAGE VALUES(16,NULL,0,NULL,NULL)
INSERT INTO MOVIEACTORS VALUES(8,36,0)
INSERT INTO MOVIEACTORS VALUES(8,37,1)
INSERT INTO MOVIEACTORS VALUES(8,38,2)
INSERT INTO MOVIEDIRECTORS VALUES(8,16,0)
INSERT INTO MOVIELANGUAGES VALUES(8,25,0)
INSERT INTO MOVIELANGUAGES VALUES(8,26,1)
INSERT INTO MOVIESUBTITLES VALUES(8,25,0)
INSERT INTO MOVIESUBTITLES VALUES(8,26,1)
INSERT INTO MOVIEGENRES VALUES(8,37,0)
INSERT INTO MOVIEGENRES VALUES(8,38,1)
INSERT INTO MOVIEGENRES VALUES(8,39,2)
INSERT INTO MOVIEGENRES VALUES(8,40,3)
COMMIT
INSERT INTO MOVIE VALUES(9,'The Forgotten','A grieving mother, Telly Parada, is struggling to cope with the loss of her 9-year-old son. She is stunned...',96,'2004-10-12 13:34:08.489')
INSERT INTO IMAGE VALUES(17,NULL,0,NULL,NULL)
INSERT INTO MOVIEACTORS VALUES(9,10,0)
INSERT INTO MOVIEACTORS VALUES(9,28,1)
INSERT INTO MOVIEDIRECTORS VALUES(9,10,0)
INSERT INTO MOVIELANGUAGES VALUES(9,24,0)
INSERT INTO MOVIESUBTITLES VALUES(9,22,0)
INSERT INTO MOVIEGENRES VALUES(9,28,0)
INSERT INTO MOVIEAUDIOFORMATES VALUES(9,30,0)
INSERT INTO MOVIEVIDEOFORMATES VALUES(9,15,0)
COMMIT
